Enter file name: c:\book\Lincoln.txt
The occurrence of A's is 102
The occurrence of B's is 14
The occurrence of C's is 31
The occurrence of D's is 58
The occurrence of E's is 165
The occurrence of F's is 27
The occurrence of G's is 28
The occurrence of H's is 80
The occurrence of I's is 68
The occurrence of J's is 0
The occurrence of K's is 3
The occurrence of L's is 42
The occurrence of M's is 13
The occurrence of N's is 77
The occurrence of O's is 92
The occurrence of P's is 15
The occurrence of Q's is 1
The occurrence of R's is 79
The occurrence of S's is 43
The occurrence of T's is 126
The occurrence of U's is 21
The occurrence of V's is 24
The occurrence of W's is 28
The occurrence of X's is 0
The occurrence of Y's is 10
The occurrence of Z's is 0
