java.io.FileNotFoundException: babynamesranking2001.txt (The system cannot find the file specified)
	at java.io.FileInputStream.open(Native Method)
	at java.io.FileInputStream.<init>(FileInputStream.java:138)
	at java.util.Scanner.<init>(Scanner.java:620)
	at Exercise12_31.readNames(Exercise12_31.java:16)
	at Exercise12_31.main(Exercise12_31.java:35)
java.io.FileNotFoundException: babynamesranking2002.txt (The system cannot find the file specified)
	at java.io.FileInputStream.open(Native Method)
	at java.io.FileInputStream.<init>(FileInputStream.java:138)
	at java.util.Scanner.<init>(Scanner.java:620)
	at Exercise12_31.readNames(Exercise12_31.java:16)
	at Exercise12_31.main(Exercise12_31.java:35)
java.io.FileNotFoundException: babynamesranking2003.txt (The system cannot find the file specified)
	at java.io.FileInputStream.open(Native Method)
	at java.io.FileInputStream.<init>(FileInputStream.java:138)
	at java.util.Scanner.<init>(Scanner.java:620)
	at Exercise12_31.readNames(Exercise12_31.java:16)
	at Exercise12_31.main(Exercise12_31.java:35)
java.io.FileNotFoundException: babynamesranking2004.txt (The system cannot find the file specified)
	at java.io.FileInputStream.open(Native Method)
	at java.io.FileInputStream.<init>(FileInputStream.java:138)
	at java.util.Scanner.<init>(Scanner.java:620)
	at Exercise12_31.readNames(Exercise12_31.java:16)
	at Exercise12_31.main(Exercise12_31.java:35)
java.io.FileNotFoundException: babynamesranking2005.txt (The system cannot find the file specified)
	at java.io.FileInputStream.open(Native Method)
	at java.io.FileInputStream.<init>(FileInputStream.java:138)
	at java.util.Scanner.<init>(Scanner.java:620)
	at Exercise12_31.readNames(Exercise12_31.java:16)
	at Exercise12_31.main(Exercise12_31.java:35)
java.io.FileNotFoundException: babynamesranking2006.txt (The system cannot find the file specified)
	at java.io.FileInputStream.open(Native Method)
	at java.io.FileInputStream.<init>(FileInputStream.java:138)
	at java.util.Scanner.<init>(Scanner.java:620)
	at Exercise12_31.readNames(Exercise12_31.java:16)
	at Exercise12_31.main(Exercise12_31.java:35)
java.io.FileNotFoundException: babynamesranking2007.txt (The system cannot find the file specified)
	at java.io.FileInputStream.open(Native Method)
	at java.io.FileInputStream.<init>(FileInputStream.java:138)
	at java.util.Scanner.<init>(Scanner.java:620)
	at Exercise12_31.readNames(Exercise12_31.java:16)
	at Exercise12_31.main(Exercise12_31.java:35)
java.io.FileNotFoundException: babynamesranking2008.txt (The system cannot find the file specified)
	at java.io.FileInputStream.open(Native Method)
	at java.io.FileInputStream.<init>(FileInputStream.java:138)
	at java.util.Scanner.<init>(Scanner.java:620)
	at Exercise12_31.readNames(Exercise12_31.java:16)
	at Exercise12_31.main(Exercise12_31.java:35)
java.io.FileNotFoundException: babynamesranking2009.txt (The system cannot find the file specified)
	at java.io.FileInputStream.open(Native Method)
	at java.io.FileInputStream.<init>(FileInputStream.java:138)
	at java.util.Scanner.<init>(Scanner.java:620)
	at Exercise12_31.readNames(Exercise12_31.java:16)
	at Exercise12_31.main(Exercise12_31.java:35)
java.io.FileNotFoundException: babynamesranking2010.txt (The system cannot find the file specified)
	at java.io.FileInputStream.open(Native Method)
	at java.io.FileInputStream.<init>(FileInputStream.java:138)
	at java.util.Scanner.<init>(Scanner.java:620)
	at Exercise12_31.readNames(Exercise12_31.java:16)
	at Exercise12_31.main(Exercise12_31.java:35)
Enter the year: 2010
Enter the gender: M
Enter the name: Michael
Exception in thread "main" java.lang.NullPointerException
	at Exercise12_31.search(Exercise12_31.java:67)
	at Exercise12_31.main(Exercise12_31.java:46)
